<?xml version="1.0" encoding="UTF-8"?>
<testng-results ignored="0" total="1" passed="1" failed="0" skipped="0">
  <reporter-output>
  </reporter-output>
  <suite started-at="2023-07-30T08:59:58 IST" name="TestNG" finished-at="2023-07-30T09:00:15 IST" duration-ms="16527">
    <groups>
    </groups>
    <test started-at="2023-07-30T08:59:58 IST" name="Test" finished-at="2023-07-30T09:00:15 IST" duration-ms="16527">
      <class name="com.obsqura.rmartSuperMarket.testscript.ExpenseCategoryTest">
        <test-method is-config="true" signature="initializeBrowser(java.lang.String)[pri:0, instance:com.obsqura.rmartSuperMarket.testscript.ExpenseCategoryTest@3549bca9]" started-at="2023-07-30T08:59:58 IST" name="initializeBrowser" finished-at="2023-07-30T09:00:10 IST" duration-ms="11513" status="PASS">
          <params>
            <param index="0">
              <value>
                <![CDATA[chrome]]>
              </value>
            </param>
          </params>
          <reporter-output>
          </reporter-output>
        </test-method> <!-- initializeBrowser -->
        <test-method signature="verifyUserAbleToEditTheTile()[pri:0, instance:com.obsqura.rmartSuperMarket.testscript.ExpenseCategoryTest@3549bca9]" started-at="2023-07-30T09:00:10 IST" name="verifyUserAbleToEditTheTile" finished-at="2023-07-30T09:00:14 IST" duration-ms="4290" status="PASS">
          <reporter-output>
          </reporter-output>
        </test-method> <!-- verifyUserAbleToEditTheTile -->
        <test-method is-config="true" signature="browserQuit()[pri:0, instance:com.obsqura.rmartSuperMarket.testscript.ExpenseCategoryTest@3549bca9]" started-at="2023-07-30T09:00:14 IST" name="browserQuit" finished-at="2023-07-30T09:00:15 IST" duration-ms="648" status="PASS">
          <reporter-output>
          </reporter-output>
        </test-method> <!-- browserQuit -->
      </class> <!-- com.obsqura.rmartSuperMarket.testscript.ExpenseCategoryTest -->
    </test> <!-- Test -->
  </suite> <!-- TestNG -->
</testng-results>
