<?xml version="1.0" encoding="UTF-8"?>
<!-- Generated by org.testng.reporters.JUnitXMLReporter -->
<testsuite ignored="0" hostname="DESKTOP-A136ETG" failures="1" tests="1" name="Test" time="14.565" errors="0" timestamp="2023-07-31T08:14:26 IST">
  <testcase classname="com.obsqura.rmartSuperMarket.testscript.ManageCategoryTest" name="verifyWhetherTheUserAbleToAddValuesInManageCategory" time="2.28">
    <failure type="java.lang.NullPointerException" message="Cannot invoke &amp;quot;org.apache.poi.ss.usermodel.Cell.getStringCellValue()&amp;quot; because &amp;quot;c&amp;quot; is null">
      <![CDATA[java.lang.NullPointerException: Cannot invoke "org.apache.poi.ss.usermodel.Cell.getStringCellValue()" because "c" is null
at utilities.ExcelUtility.getString(ExcelUtility.java:129)
at com.obsqura.rmartSuperMarket.testscript.ManageCategoryTest.verifyWhetherTheUserAbleToAddValuesInManageCategory(ManageCategoryTest.java:15)
at java.base/java.util.ArrayList.forEach(ArrayList.java:1511)
... Removed 27 stack frames]]>
    </failure>
  </testcase> <!-- verifyWhetherTheUserAbleToAddValuesInManageCategory -->
</testsuite> <!-- Test -->
