<?xml version="1.0" encoding="UTF-8"?>
<!-- Generated by org.testng.reporters.JUnitXMLReporter -->
<testsuite ignored="1" hostname="LAPTOP-5NJGE6VO" failures="0" tests="1" name="Test" time="16.527" errors="0" timestamp="2023-07-30T09:00:15 IST">
  <testcase classname="com.obsqura.rmartSuperMarket.testscript.ExpenseCategoryTest" name="verifyUserAbleToEditTheTile" time="4.29"/>
  <testcase classname="com.obsqura.rmartSuperMarket.testscript.ExpenseCategoryTest" name="verifyWhetherUserAbleToDeleteTheTitle" time="0.0">
    <ignored/>
  </testcase> <!-- verifyWhetherUserAbleToDeleteTheTitle -->
</testsuite> <!-- Test -->
